This is pdfTeX, Version 3.14159265-2.6-1.40.20 (TeX Live 2019) (preloaded format=pdflatex 2019.8.7)  8 SEP 2019 01:13
entering extended mode
 restricted \write18 enabled.
 %&-line parsing enabled.
**04-paper.tex
(./04-paper.tex
LaTeX2e <2018-12-01>

! LaTeX Error: File `wlpeerj.cls' not found.

Type X to quit or <RETURN> to proceed,
or enter new name. (Default extension: cls)

Enter file name: 
! Emergency stop.
<read *> 
         
l.12 ^^M
         
Here is how much of TeX's memory you used:
 10 strings out of 494553
 188 string characters out of 6174237
 52398 words of memory out of 5000000
 3778 multiletter control sequences out of 15000+600000
 3640 words of font info for 14 fonts, out of 8000000 for 9000
 14 hyphenation exceptions out of 8191
 10i,0n,8p,83b,8s stack positions out of 5000i,500n,10000p,200000b,80000s

!  ==> Fatal error occurred, no output PDF file produced!
